 1 20 11 12 2 2
 1 11 0 0 1 0
 1 12 3 4 2 0
 1 29 19 20 2 2
 1 19 0 0 1 2
 1 30 19 20 1 2
 1 31 19 20 2 2
 1 3 0 0 1 0
 1 4 0 0 2 0
 1 39 28 29 2 2
 1 28 0 0 1 2
 1 40 28 29 1 2
 1 41 32 31 2 2
 1 32 0 0 1 2
 1 42 32 31 1 2
 1 13 3 4 1 0
 1 22 13 14 2 2
 1 14 0 0 2 0
 2 28 17 18 1 2
 2 17 7 8 1 2
 2 18 0 0 2 2
 2 39 28 29 2 2
 2 29 0 0 2 2
 2 40 28 29 1 2
 2 27 17 18 1 0
 2 7 0 0 1 0
 2 8 1 2 2 0
 2 36 27 26 2 2
 2 26 0 0 2 2
 2 37 27 26 1 2
 2 38 27 26 2 2
 2 1 0 0 1 0
 2 2 0 0 2 0
 2 9 1 2 1 2
 2 19 9 10 1 2
 2 10 0 0 2 0
 2 30 19 20 1 2
 2 20 0 0 2 2
 3 38 27 26 2 2
 3 27 17 18 1 0
 3 26 15 16 2 2
 3 36 27 26 2 2
 3 37 27 26 1 2
 3 17 0 0 1 2
 3 18 0 0 2 2
 3 15 0 0 1 2
 3 16 0 0 2 2
 3 28 17 18 1 2
 3 25 15 16 2 2
 3 39 28 29 2 2
 3 29 0 0 2 2
 3 40 28 29 1 2
 4 40 28 29 1 2
 4 28 17 18 1 2
 4 29 19 20 2 2
 4 39 28 29 2 2
 4 17 0 0 1 2
 4 18 0 0 2 2
 4 19 9 10 1 2
 4 20 0 0 2 2
 4 27 17 18 1 0
 4 30 19 20 1 2
 4 31 19 20 2 2
 4 9 0 0 1 2
 4 10 0 0 2 0
 4 36 27 26 2 2
 4 26 0 0 2 2
 4 37 27 26 1 2
 4 38 27 26 2 2
 5 42 32 31 1 2
 5 32 0 0 1 2
 5 31 19 20 2 2
 5 41 32 31 2 2
 5 19 9 10 1 2
 5 20 0 0 2 2
 5 29 19 20 2 2
 5 30 19 20 1 2
 5 9 1 2 1 2
 5 10 0 0 2 0
 5 39 28 29 2 2
 5 28 0 0 1 2
 5 40 28 29 1 2
 5 1 0 0 1 0
 5 2 0 0 2 0
 5 8 1 2 2 0
 5 17 7 8 1 2
 5 7 0 0 1 0
 6 44 33 34 1 2
 6 33 0 0 1 2
 6 34 24 23 2 2
 6 43 33 34 1 2
 6 24 0 0 1 2
 6 23 13 14 2 2
 6 35 24 23 1 2
 6 13 3 4 1 0
 6 14 0 0 2 0
 6 22 13 14 2 2
 6 3 0 0 1 0
 6 4 0 0 2 0
 6 12 3 4 2 0
 6 20 11 12 2 2
 6 11 0 0 1 0
 6 29 19 20 2 2
 6 19 0 0 1 2
 6 30 19 20 1 2
