 1 40 28 29 1 2
 1 28 17 18 1 2
 1 29 19 20 2 2
 1 39 28 29 2 2
 1 17 0 0 1 2
 1 18 0 0 2 2
 1 19 0 0 1 2
 1 20 0 0 2 2
 1 30 19 20 1 2
 1 31 19 20 2 2
 2 44 33 34 1 2
 2 33 0 0 1 2
 2 34 24 23 2 2
 2 43 33 34 1 2
 2 24 0 0 1 2
 2 23 13 14 2 2
 2 35 24 23 1 2
 2 13 0 0 1 0
 2 14 0 0 2 0
 2 22 13 14 2 2
 3 38 27 26 2 2
 3 27 0 0 1 0
 3 26 15 16 2 2
 3 36 27 26 2 2
 3 37 27 26 1 2
 3 15 0 0 1 2
 3 16 0 0 2 2
 3 25 15 16 2 2
 4 42 32 31 1 2
 4 32 0 0 1 2
 4 31 19 20 2 0
 4 41 32 31 2 2
 4 19 9 10 1 0
 4 20 0 0 2 0
 4 9 0 0 1 2
 4 10 0 0 2 0
